[1/10] Performing build step for 'bootloader'
[1/1] cd /Users/saket/devlopment/visio_user_study/esp-tflite-micro/examples/person_detection/build/bootloader/esp-idf/esptool_py && /Users/saket/.espressif/python_env/idf5.1_py3.10_env/bin/python /Users/saket/esp/esp-idf/components/partition_table/check_sizes.py --offset 0x8000 bootloader 0x0 /Users/saket/devlopment/visio_user_study/esp-tflite-micro/examples/person_detection/build/bootloader/bootloader.bin
Bootloader binary size 0x57a0 bytes. 0x2860 bytes (32%) free.
[2/10] No install step for 'bootloader'
[3/10] Completed 'bootloader'
[4/10] Building CXX object esp-idf/main/CMakeFiles/__idf_main.dir/main_functions.cc.obj
FAILED: esp-idf/main/CMakeFiles/__idf_main.dir/main_functions.cc.obj 
/Users/saket/.espressif/tools/xtensa-esp32s3-elf/esp-12.2.0_20230208/xtensa-esp32s3-elf/bin/xtensa-esp32s3-elf-g++ -DESP_PLATFORM -DIDF_VER=\"v5.1.1\" -DSOC_MMU_PAGE_SIZE=CONFIG_MMU_PAGE_SIZE -D_GNU_SOURCE -D_POSIX_READER_WRITER_LOCKS -I/Users/saket/devlopment/visio_user_study/esp-tflite-micro/examples/person_detection/build/config -I/Users/saket/esp/esp-idf/components/newlib/platform_include -I/Users/saket/esp/esp-idf/components/freertos/FreeRTOS-Kernel/include -I/Users/saket/esp/esp-idf/components/freertos/FreeRTOS-Kernel/portable/xtensa/include -I/Users/saket/esp/esp-idf/components/freertos/esp_additions/include/freertos -I/Users/saket/esp/esp-idf/components/freertos/esp_additions/include -I/Users/saket/esp/esp-idf/components/freertos/esp_additions/arch/xtensa/include -I/Users/saket/esp/esp-idf/components/esp_hw_support/include -I/Users/saket/esp/esp-idf/components/esp_hw_support/include/soc -I/Users/saket/esp/esp-idf/components/esp_hw_support/include/soc/esp32s3 -I/Users/saket/esp/esp-idf/components/esp_hw_support/port/esp32s3/. -I/Users/saket/esp/esp-idf/components/esp_hw_support/port/esp32s3/private_include -I/Users/saket/esp/esp-idf/components/heap/include -I/Users/saket/esp/esp-idf/components/log/include -I/Users/saket/esp/esp-idf/components/soc/include -I/Users/saket/esp/esp-idf/components/soc/esp32s3 -I/Users/saket/esp/esp-idf/components/soc/esp32s3/include -I/Users/saket/esp/esp-idf/components/hal/esp32s3/include -I/Users/saket/esp/esp-idf/components/hal/include -I/Users/saket/esp/esp-idf/components/hal/platform_port/include -I/Users/saket/esp/esp-idf/components/esp_rom/include -I/Users/saket/esp/esp-idf/components/esp_rom/include/esp32s3 -I/Users/saket/esp/esp-idf/components/esp_rom/esp32s3 -I/Users/saket/esp/esp-idf/components/esp_common/include -I/Users/saket/esp/esp-idf/components/esp_system/include -I/Users/saket/esp/esp-idf/components/esp_system/port/soc -I/Users/saket/esp/esp-idf/components/esp_system/port/include/private -I/Users/saket/esp/esp-idf/components/xtensa/include -I/Users/saket/esp/esp-idf/components/xtensa/esp32s3/include -I/Users/saket/esp/esp-idf/components/esp_timer/include -I/Users/saket/esp/esp-idf/components/lwip/include -I/Users/saket/esp/esp-idf/components/lwip/include/apps -I/Users/saket/esp/esp-idf/components/lwip/include/apps/sntp -I/Users/saket/esp/esp-idf/components/lwip/lwip/src/include -I/Users/saket/esp/esp-idf/components/lwip/port/include -I/Users/saket/esp/esp-idf/components/lwip/port/freertos/include -I/Users/saket/esp/esp-idf/components/lwip/port/esp32xx/include -I/Users/saket/esp/esp-idf/components/lwip/port/esp32xx/include/arch -I/Users/saket/esp/esp-idf/components/console -I/Users/saket/esp/esp-idf/components/vfs/include -I/Users/saket/esp/esp-idf/components/spi_flash/include -I/Users/saket/esp/esp-idf/components/esp_wifi/include -I/Users/saket/esp/esp-idf/components/esp_wifi/wifi_apps/include -I/Users/saket/esp/esp-idf/components/esp_event/include -I/Users/saket/esp/esp-idf/components/esp_phy/include -I/Users/saket/esp/esp-idf/components/esp_phy/esp32s3/include -I/Users/saket/esp/esp-idf/components/esp_netif/include -I/Users/saket/esp/esp-idf/components/esp_http_server/include -I/Users/saket/esp/esp-idf/components/http_parser -I/Users/saket/esp/esp-idf/components/nvs_flash/include -I/Users/saket/esp/esp-idf/components/esp_partition/include -I/Users/saket/devlopment/visio_user_study/esp-tflite-micro -I/Users/saket/devlopment/visio_user_study/esp-tflite-micro/third_party/gemmlowp -I/Users/saket/devlopment/visio_user_study/esp-tflite-micro/third_party/flatbuffers/include -I/Users/saket/devlopment/visio_user_study/esp-tflite-micro/third_party/ruy -I/Users/saket/devlopment/visio_user_study/esp-tflite-micro/third_party/kissfft -I/Users/saket/devlopment/visio_user_study/esp-tflite-micro/signal/micro/kernels -I/Users/saket/devlopment/visio_user_study/esp-tflite-micro/signal/src -I/Users/saket/devlopment/visio_user_study/esp-tflite-micro/signal/src/kiss_fft_wrappers -I/Users/saket/devlopment/visio_user_study/esp-tflite-micro/examples/person_detection/components/espressif__esp32-camera/driver/include -I/Users/saket/devlopment/visio_user_study/esp-tflite-micro/examples/person_detection/components/espressif__esp32-camera/conversions/include -I/Users/saket/esp/esp-idf/components/driver/include -I/Users/saket/esp/esp-idf/components/driver/deprecated -I/Users/saket/esp/esp-idf/components/driver/analog_comparator/include -I/Users/saket/esp/esp-idf/components/driver/dac/include -I/Users/saket/esp/esp-idf/components/driver/gpio/include -I/Users/saket/esp/esp-idf/components/driver/gptimer/include -I/Users/saket/esp/esp-idf/components/driver/i2c/include -I/Users/saket/esp/esp-idf/components/driver/i2s/include -I/Users/saket/esp/esp-idf/components/driver/ledc/include -I/Users/saket/esp/esp-idf/components/driver/mcpwm/include -I/Users/saket/esp/esp-idf/components/driver/parlio/include -I/Users/saket/esp/esp-idf/components/driver/pcnt/include -I/Users/saket/esp/esp-idf/components/driver/rmt/include -I/Users/saket/esp/esp-idf/components/driver/sdio_slave/include -I/Users/saket/esp/esp-idf/components/driver/sdmmc/include -I/Users/saket/esp/esp-idf/components/driver/sigma_delta/include -I/Users/saket/esp/esp-idf/components/driver/spi/include -I/Users/saket/esp/esp-idf/components/driver/temperature_sensor/include -I/Users/saket/esp/esp-idf/components/driver/touch_sensor/include -I/Users/saket/esp/esp-idf/components/driver/twai/include -I/Users/saket/esp/esp-idf/components/driver/uart/include -I/Users/saket/esp/esp-idf/components/driver/usb_serial_jtag/include -I/Users/saket/esp/esp-idf/components/driver/touch_sensor/esp32s3/include -I/Users/saket/esp/esp-idf/components/esp_pm/include -I/Users/saket/esp/esp-idf/components/esp_ringbuf/include -mlongcalls  -fdiagnostics-color=always -ffunction-sections -fdata-sections -Wall -Werror=all -Wno-error=unused-function -Wno-error=unused-variable -Wno-error=unused-but-set-variable -Wno-error=deprecated-declarations -Wextra -Wno-unused-parameter -Wno-sign-compare -Wno-enum-conversion -gdwarf-4 -ggdb -O2 -fmacro-prefix-map=/Users/saket/devlopment/visio_user_study/esp-tflite-micro/examples/person_detection=. -fmacro-prefix-map=/Users/saket/esp/esp-idf=/IDF -fstrict-volatile-bitfields -fno-jump-tables -fno-tree-switch-conversion -DconfigENABLE_FREERTOS_DEBUG_OCDAWARE=1 -std=gnu++2b -fno-exceptions -fno-rtti -DTF_LITE_STATIC_MEMORY -MD -MT esp-idf/main/CMakeFiles/__idf_main.dir/main_functions.cc.obj -MF esp-idf/main/CMakeFiles/__idf_main.dir/main_functions.cc.obj.d -o esp-idf/main/CMakeFiles/__idf_main.dir/main_functions.cc.obj -c /Users/saket/devlopment/visio_user_study/esp-tflite-micro/examples/person_detection/main/main_functions.cc
In file included from /Users/saket/devlopment/visio_user_study/esp-tflite-micro/tensorflow/lite/micro/tflite_bridge/flatbuffer_conversions_bridge.h:19,
                 from /Users/saket/devlopment/visio_user_study/esp-tflite-micro/tensorflow/lite/micro/micro_allocator.h:26,
                 from /Users/saket/devlopment/visio_user_study/esp-tflite-micro/tensorflow/lite/micro/micro_interpreter.h:26,
                 from /Users/saket/devlopment/visio_user_study/esp-tflite-micro/examples/person_detection/main/main_functions.cc:23:
/Users/saket/devlopment/visio_user_study/esp-tflite-micro/tensorflow/lite/core/api/flatbuffer_conversions.h: In member function 'T* tflite::BuiltinDataAllocator::AllocatePOD()':
/Users/saket/devlopment/visio_user_study/esp-tflite-micro/tensorflow/lite/core/api/flatbuffer_conversions.h:46:24: warning: 'template<class _Tp> struct std::is_pod' is deprecated: use is_standard_layout && is_trivial instead [-Wdeprecated-declarations]
   46 |     static_assert(std::is_pod<T>::value, "Builtin data structure must be POD.");
      |                        ^~~~~~
In file included from /Users/saket/.espressif/tools/xtensa-esp32s3-elf/esp-12.2.0_20230208/xtensa-esp32s3-elf/xtensa-esp32s3-elf/include/c++/12.2.0/bits/stl_pair.h:60,
                 from /Users/saket/.espressif/tools/xtensa-esp32s3-elf/esp-12.2.0_20230208/xtensa-esp32s3-elf/xtensa-esp32s3-elf/include/c++/12.2.0/utility:69,
                 from /Users/saket/devlopment/visio_user_study/esp-tflite-micro/tensorflow/lite/core/c/common.h:1448,
                 from /Users/saket/devlopment/visio_user_study/esp-tflite-micro/tensorflow/lite/c/common.h:31,
                 from /Users/saket/devlopment/visio_user_study/esp-tflite-micro/examples/person_detection/main/detection_responder.h:22,
                 from /Users/saket/devlopment/visio_user_study/esp-tflite-micro/examples/person_detection/main/main_functions.cc:18:
/Users/saket/.espressif/tools/xtensa-esp32s3-elf/esp-12.2.0_20230208/xtensa-esp32s3-elf/xtensa-esp32s3-elf/include/c++/12.2.0/type_traits:757:5: note: declared here
  757 |     is_pod
      |     ^~~~~~
/Users/saket/devlopment/visio_user_study/esp-tflite-micro/examples/person_detection/main/main_functions.cc: In function 'esp_err_t camera_handler(httpd_req_t*)':
/Users/saket/devlopment/visio_user_study/esp-tflite-micro/examples/person_detection/main/main_functions.cc:140:28: warning: unused variable 'jchunk' [-Wunused-variable]
  140 |             jpg_chunking_t jchunk = {req, 0};
      |                            ^~~~~~
/Users/saket/devlopment/visio_user_study/esp-tflite-micro/examples/person_detection/main/main_functions.cc:119:12: warning: unused variable 'fb_len' [-Wunused-variable]
  119 |     size_t fb_len = 0;
      |            ^~~~~~
/Users/saket/devlopment/visio_user_study/esp-tflite-micro/examples/person_detection/main/main_functions.cc:120:13: warning: unused variable 'fr_str' [-Wunused-variable]
  120 |     int64_t fr_str = esp_timer_get_time();
      |             ^~~~~~
/Users/saket/devlopment/visio_user_study/esp-tflite-micro/examples/person_detection/main/main_functions.cc:159:13: warning: unused variable 'fr_end' [-Wunused-variable]
  159 |     int64_t fr_end = esp_timer_get_time();
      |             ^~~~~~
/Users/saket/devlopment/visio_user_study/esp-tflite-micro/examples/person_detection/main/main_functions.cc: In function 'void wifi_event_handler(void*, esp_event_base_t, int32_t, void*)':
/Users/saket/devlopment/visio_user_study/esp-tflite-micro/examples/person_detection/main/main_functions.cc:168:39: warning: unused variable 'event' [-Wunused-variable]
  168 |         wifi_event_ap_staconnected_t* event = (wifi_event_ap_staconnected_t*) event_data;
      |                                       ^~~~~
/Users/saket/devlopment/visio_user_study/esp-tflite-micro/examples/person_detection/main/main_functions.cc:171:42: warning: unused variable 'event' [-Wunused-variable]
  171 |         wifi_event_ap_stadisconnected_t* event = (wifi_event_ap_stadisconnected_t*) event_data;
      |                                          ^~~~~
/Users/saket/devlopment/visio_user_study/esp-tflite-micro/examples/person_detection/main/main_functions.cc: In function 'esp_err_t mpu_handler(httpd_req_t*)':
/Users/saket/devlopment/visio_user_study/esp-tflite-micro/examples/person_detection/main/main_functions.cc:188:99: error: 'turn_decision' was not declared in this scope
  188 |     sprintf(resp, "%d,%d,%d,%d,%d,%d \n",FomoDetConfidence,FomoPosX,FomoPosY,classRight,classLeft,turn_decision);
      |                                                                                                   ^~~~~~~~~~~~~
/Users/saket/devlopment/visio_user_study/esp-tflite-micro/examples/person_detection/main/main_functions.cc: In function 'void setup()':
/Users/saket/devlopment/visio_user_study/esp-tflite-micro/examples/person_detection/main/main_functions.cc:260:5: warning: missing initializer for member 'wifi_ap_config_t::ssid_hidden' [-Wmissing-field-initializers]
  260 |     };
      |     ^
/Users/saket/devlopment/visio_user_study/esp-tflite-micro/examples/person_detection/main/main_functions.cc:260:5: warning: missing initializer for member 'wifi_ap_config_t::beacon_interval' [-Wmissing-field-initializers]
/Users/saket/devlopment/visio_user_study/esp-tflite-micro/examples/person_detection/main/main_functions.cc:260:5: warning: missing initializer for member 'wifi_ap_config_t::pairwise_cipher' [-Wmissing-field-initializers]
/Users/saket/devlopment/visio_user_study/esp-tflite-micro/examples/person_detection/main/main_functions.cc:260:5: warning: missing initializer for member 'wifi_ap_config_t::ftm_responder' [-Wmissing-field-initializers]
/Users/saket/devlopment/visio_user_study/esp-tflite-micro/examples/person_detection/main/main_functions.cc:260:5: warning: missing initializer for member 'wifi_ap_config_t::pmf_cfg' [-Wmissing-field-initializers]
/Users/saket/devlopment/visio_user_study/esp-tflite-micro/examples/person_detection/main/main_functions.cc:260:5: warning: missing initializer for member 'wifi_ap_config_t::sae_pwe_h2e' [-Wmissing-field-initializers]
/Users/saket/devlopment/visio_user_study/esp-tflite-micro/examples/person_detection/main/main_functions.cc:240:7: warning: unused variable 'right_left_class_threshold' [-Wunused-variable]
  240 |   int right_left_class_threshold = 85;
      |       ^~~~~~~~~~~~~~~~~~~~~~~~~~
/Users/saket/devlopment/visio_user_study/esp-tflite-micro/examples/person_detection/main/main_functions.cc:241:7: warning: unused variable 'left_right_detections' [-Wunused-variable]
  241 |   int left_right_detections = 0;
      |       ^~~~~~~~~~~~~~~~~~~~~
/Users/saket/devlopment/visio_user_study/esp-tflite-micro/examples/person_detection/main/main_functions.cc:242:7: warning: unused variable 'num_arrow_threshold' [-Wunused-variable]
  242 |   int num_arrow_threshold = 1; // value to be reached to decide if turn to be taken
      |       ^~~~~~~~~~~~~~~~~~~
/Users/saket/devlopment/visio_user_study/esp-tflite-micro/examples/person_detection/main/main_functions.cc:243:7: warning: unused variable 'turn_decision' [-Wunused-variable]
  243 |   int turn_decision = 0 ; // 0 if no turn , -1 is left , 1 is right
      |       ^~~~~~~~~~~~~
/Users/saket/devlopment/visio_user_study/esp-tflite-micro/examples/person_detection/main/main_functions.cc:244:13: warning: unused variable 'turn_decision_time' [-Wunused-variable]
  244 |   long long turn_decision_time = esp_timer_get_time(); // will be implemented later
      |             ^~~~~~~~~~~~~~~~~~
/Users/saket/devlopment/visio_user_study/esp-tflite-micro/examples/person_detection/main/main_functions.cc: In function 'void loop()':
/Users/saket/devlopment/visio_user_study/esp-tflite-micro/examples/person_detection/main/main_functions.cc:497:31: error: 'right_left_class_threshold' was not declared in this scope
  497 |     if(arrow_score_right_int>=right_left_class_threshold||arrow_score_left_int>=right_left_class_threshold){
      |                               ^~~~~~~~~~~~~~~~~~~~~~~~~~
/Users/saket/devlopment/visio_user_study/esp-tflite-micro/examples/person_detection/main/main_functions.cc:499:54: error: 'left_right_detections' was not declared in this scope
  499 |       if(arrow_score_right_int>arrow_score_left_int) left_right_detections++;
      |                                                      ^~~~~~~~~~~~~~~~~~~~~
/Users/saket/devlopment/visio_user_study/esp-tflite-micro/examples/person_detection/main/main_functions.cc:500:12: error: 'left_right_detections' was not declared in this scope
  500 |       else left_right_detections--;
      |            ^~~~~~~~~~~~~~~~~~~~~
/Users/saket/devlopment/visio_user_study/esp-tflite-micro/examples/person_detection/main/main_functions.cc:501:7: error: 'left_right_detections' was not declared in this scope
  501 |       left_right_detections = min(num_arrow_threshold,left_right_detections);
      |       ^~~~~~~~~~~~~~~~~~~~~
/Users/saket/devlopment/visio_user_study/esp-tflite-micro/examples/person_detection/main/main_functions.cc:501:35: error: 'num_arrow_threshold' was not declared in this scope
  501 |       left_right_detections = min(num_arrow_threshold,left_right_detections);
      |                                   ^~~~~~~~~~~~~~~~~~~
/Users/saket/devlopment/visio_user_study/esp-tflite-micro/examples/person_detection/main/main_functions.cc:506:65: error: 'turn_decision_time' was not declared in this scope
  506 |       long long time_since_last_decision = esp_timer_get_time()-turn_decision_time;
      |                                                                 ^~~~~~~~~~~~~~~~~~
/Users/saket/devlopment/visio_user_study/esp-tflite-micro/examples/person_detection/main/main_functions.cc:510:11: error: 'turn_decision' was not declared in this scope
  510 |           turn_decision = 1;
      |           ^~~~~~~~~~~~~
/Users/saket/devlopment/visio_user_study/esp-tflite-micro/examples/person_detection/main/main_functions.cc:514:11: error: 'turn_decision' was not declared in this scope
  514 |           turn_decision = -1;
      |           ^~~~~~~~~~~~~
/Users/saket/devlopment/visio_user_study/esp-tflite-micro/examples/person_detection/main/main_functions.cc:519:78: error: 'turn_decision' was not declared in this scope
  519 |         MicroPrintf("turn decision time not reached, Current decision : %f", turn_decision);
      |                                                                              ^~~~~~~~~~~~~
/Users/saket/devlopment/visio_user_study/esp-tflite-micro/examples/person_detection/main/main_functions.cc:449:7: warning: unused variable 'x_cordi' [-Wunused-variable]
  449 |   int x_cordi = 48;
      |       ^~~~~~~
/Users/saket/devlopment/visio_user_study/esp-tflite-micro/examples/person_detection/main/main_functions.cc:450:7: warning: unused variable 'y_cordi' [-Wunused-variable]
  450 |   int y_cordi = 48;
      |       ^~~~~~~
/Users/saket/devlopment/visio_user_study/esp-tflite-micro/examples/person_detection/main/main_functions.cc:452:8: warning: unused variable 'possible_arrow' [-Wunused-variable]
  452 |   bool possible_arrow = false;
      |        ^~~~~~~~~~~~~~
/Users/saket/devlopment/visio_user_study/esp-tflite-micro/examples/person_detection/main/main_functions.cc:476:9: warning: unused variable 'arrow_score_far_int' [-Wunused-variable]
  476 |   float arrow_score_far_int = 0;
      |         ^~~~~~~~~~~~~~~~~~~
/Users/saket/devlopment/visio_user_study/esp-tflite-micro/examples/person_detection/main/main_functions.cc: At global scope:
/Users/saket/devlopment/visio_user_study/esp-tflite-micro/examples/person_detection/main/main_functions.cc:76:15: warning: 'size_t {anonymous}::jpg_encode_stream(void*, size_t, const void*, size_t)' defined but not used [-Wunused-function]
   76 | static size_t jpg_encode_stream(void * arg, size_t index, const void* data, size_t len){
      |               ^~~~~~~~~~~~~~~~~
ninja: build stopped: subcommand failed.
